CRITICAL - 2024-01-14 05:19:30 --> ErrorException: Undefined property: App\Controllers\Home::$input
in APPPATH\Controllers\Home.php on line 15.
 1 APPPATH\Controllers\Home.php(15): CodeIgniter\Debug\Exceptions->errorHandler(2, 'Undefined property: App\\Controllers\\Home::$input', 'C:\\xampp\\htdocs\\nutech\\app\\Controllers\\Home.php', 15)
 2 SYSTEMPATH\CodeIgniter.php(941): App\Controllers\Home->login()
 3 SYSTEMPATH\CodeIgniter.php(502): CodeIgniter\CodeIgniter->runController(Object(App\Controllers\Home))
 4 SYSTEMPATH\CodeIgniter.php(361): CodeIgniter\CodeIgniter->handleRequest(null, Object(Config\Cache), false)
 5 FCPATH\index.php(79): CodeIgniter\CodeIgniter->run()
 6 SYSTEMPATH\Commands\Server\rewrite.php(47): require_once('C:\\xampp\\htdocs\\nutech\\public\\index.php')
CRITICAL - 2024-01-14 05:20:46 --> ErrorException: Undefined property: App\Controllers\Home::$input
in APPPATH\Controllers\Home.php on line 15.
 1 APPPATH\Controllers\Home.php(15): CodeIgniter\Debug\Exceptions->errorHandler(2, 'Undefined property: App\\Controllers\\Home::$input', 'C:\\xampp\\htdocs\\nutech\\app\\Controllers\\Home.php', 15)
 2 SYSTEMPATH\CodeIgniter.php(941): App\Controllers\Home->login()
 3 SYSTEMPATH\CodeIgniter.php(502): CodeIgniter\CodeIgniter->runController(Object(App\Controllers\Home))
 4 SYSTEMPATH\CodeIgniter.php(361): CodeIgniter\CodeIgniter->handleRequest(null, Object(Config\Cache), false)
 5 FCPATH\index.php(79): CodeIgniter\CodeIgniter->run()
 6 SYSTEMPATH\Commands\Server\rewrite.php(47): require_once('C:\\xampp\\htdocs\\nutech\\public\\index.php')
CRITICAL - 2024-01-14 05:26:20 --> ErrorException: Undefined property: App\Controllers\Home::$input
in APPPATH\Controllers\Home.php on line 15.
 1 APPPATH\Controllers\Home.php(15): CodeIgniter\Debug\Exceptions->errorHandler(2, 'Undefined property: App\\Controllers\\Home::$input', 'C:\\xampp\\htdocs\\nutech\\app\\Controllers\\Home.php', 15)
 2 SYSTEMPATH\CodeIgniter.php(941): App\Controllers\Home->login()
 3 SYSTEMPATH\CodeIgniter.php(502): CodeIgniter\CodeIgniter->runController(Object(App\Controllers\Home))
 4 SYSTEMPATH\CodeIgniter.php(361): CodeIgniter\CodeIgniter->handleRequest(null, Object(Config\Cache), false)
 5 FCPATH\index.php(79): CodeIgniter\CodeIgniter->run()
 6 SYSTEMPATH\Commands\Server\rewrite.php(47): require_once('C:\\xampp\\htdocs\\nutech\\public\\index.php')
CRITICAL - 2024-01-14 05:26:33 --> ErrorException: Undefined property: App\Controllers\Home::$input
in APPPATH\Controllers\Home.php on line 15.
 1 APPPATH\Controllers\Home.php(15): CodeIgniter\Debug\Exceptions->errorHandler(2, 'Undefined property: App\\Controllers\\Home::$input', 'C:\\xampp\\htdocs\\nutech\\app\\Controllers\\Home.php', 15)
 2 SYSTEMPATH\CodeIgniter.php(941): App\Controllers\Home->login()
 3 SYSTEMPATH\CodeIgniter.php(502): CodeIgniter\CodeIgniter->runController(Object(App\Controllers\Home))
 4 SYSTEMPATH\CodeIgniter.php(361): CodeIgniter\CodeIgniter->handleRequest(null, Object(Config\Cache), false)
 5 FCPATH\index.php(79): CodeIgniter\CodeIgniter->run()
 6 SYSTEMPATH\Commands\Server\rewrite.php(47): require_once('C:\\xampp\\htdocs\\nutech\\public\\index.php')
CRITICAL - 2024-01-14 05:28:20 --> ErrorException: Undefined property: App\Controllers\Home::$input
in APPPATH\Controllers\Home.php on line 15.
 1 APPPATH\Controllers\Home.php(15): CodeIgniter\Debug\Exceptions->errorHandler(2, 'Undefined property: App\\Controllers\\Home::$input', 'C:\\xampp\\htdocs\\nutech\\app\\Controllers\\Home.php', 15)
 2 SYSTEMPATH\CodeIgniter.php(941): App\Controllers\Home->login()
 3 SYSTEMPATH\CodeIgniter.php(502): CodeIgniter\CodeIgniter->runController(Object(App\Controllers\Home))
 4 SYSTEMPATH\CodeIgniter.php(361): CodeIgniter\CodeIgniter->handleRequest(null, Object(Config\Cache), false)
 5 FCPATH\index.php(79): CodeIgniter\CodeIgniter->run()
 6 SYSTEMPATH\Commands\Server\rewrite.php(47): require_once('C:\\xampp\\htdocs\\nutech\\public\\index.php')
CRITICAL - 2024-01-14 05:28:50 --> ErrorException: Undefined property: App\Controllers\Home::$input
in APPPATH\Controllers\Home.php on line 15.
 1 APPPATH\Controllers\Home.php(15): CodeIgniter\Debug\Exceptions->errorHandler(2, 'Undefined property: App\\Controllers\\Home::$input', 'C:\\xampp\\htdocs\\nutech\\app\\Controllers\\Home.php', 15)
 2 SYSTEMPATH\CodeIgniter.php(941): App\Controllers\Home->login()
 3 SYSTEMPATH\CodeIgniter.php(502): CodeIgniter\CodeIgniter->runController(Object(App\Controllers\Home))
 4 SYSTEMPATH\CodeIgniter.php(361): CodeIgniter\CodeIgniter->handleRequest(null, Object(Config\Cache), false)
 5 FCPATH\index.php(79): CodeIgniter\CodeIgniter->run()
 6 SYSTEMPATH\Commands\Server\rewrite.php(47): require_once('C:\\xampp\\htdocs\\nutech\\public\\index.php')
CRITICAL - 2024-01-14 05:30:07 --> ErrorException: Undefined property: App\Controllers\Home::$input
in APPPATH\Controllers\Home.php on line 15.
 1 APPPATH\Controllers\Home.php(15): CodeIgniter\Debug\Exceptions->errorHandler(2, 'Undefined property: App\\Controllers\\Home::$input', 'C:\\xampp\\htdocs\\nutech\\app\\Controllers\\Home.php', 15)
 2 SYSTEMPATH\CodeIgniter.php(941): App\Controllers\Home->login()
 3 SYSTEMPATH\CodeIgniter.php(502): CodeIgniter\CodeIgniter->runController(Object(App\Controllers\Home))
 4 SYSTEMPATH\CodeIgniter.php(361): CodeIgniter\CodeIgniter->handleRequest(null, Object(Config\Cache), false)
 5 FCPATH\index.php(79): CodeIgniter\CodeIgniter->run()
 6 SYSTEMPATH\Commands\Server\rewrite.php(47): require_once('C:\\xampp\\htdocs\\nutech\\public\\index.php')
CRITICAL - 2024-01-14 05:33:06 --> ErrorException: Undefined property: App\Controllers\Home::$input
in APPPATH\Controllers\Home.php on line 15.
 1 APPPATH\Controllers\Home.php(15): CodeIgniter\Debug\Exceptions->errorHandler(2, 'Undefined property: App\\Controllers\\Home::$input', 'C:\\xampp\\htdocs\\nutech\\app\\Controllers\\Home.php', 15)
 2 SYSTEMPATH\CodeIgniter.php(941): App\Controllers\Home->login()
 3 SYSTEMPATH\CodeIgniter.php(502): CodeIgniter\CodeIgniter->runController(Object(App\Controllers\Home))
 4 SYSTEMPATH\CodeIgniter.php(361): CodeIgniter\CodeIgniter->handleRequest(null, Object(Config\Cache), false)
 5 FCPATH\index.php(79): CodeIgniter\CodeIgniter->run()
 6 SYSTEMPATH\Commands\Server\rewrite.php(47): require_once('C:\\xampp\\htdocs\\nutech\\public\\index.php')
CRITICAL - 2024-01-14 05:36:31 --> ErrorException: Undefined variable $email_notelp
in APPPATH\Controllers\Home.php on line 18.
 1 APPPATH\Controllers\Home.php(18): CodeIgniter\Debug\Exceptions->errorHandler(2, 'Undefined variable $email_notelp', 'C:\\xampp\\htdocs\\nutech\\app\\Controllers\\Home.php', 18)
 2 SYSTEMPATH\CodeIgniter.php(941): App\Controllers\Home->login()
 3 SYSTEMPATH\CodeIgniter.php(502): CodeIgniter\CodeIgniter->runController(Object(App\Controllers\Home))
 4 SYSTEMPATH\CodeIgniter.php(361): CodeIgniter\CodeIgniter->handleRequest(null, Object(Config\Cache), false)
 5 FCPATH\index.php(79): CodeIgniter\CodeIgniter->run()
 6 SYSTEMPATH\Commands\Server\rewrite.php(47): require_once('C:\\xampp\\htdocs\\nutech\\public\\index.php')
CRITICAL - 2024-01-14 05:36:53 --> ErrorException: Undefined variable $email_notelp
in APPPATH\Controllers\Home.php on line 18.
 1 APPPATH\Controllers\Home.php(18): CodeIgniter\Debug\Exceptions->errorHandler(2, 'Undefined variable $email_notelp', 'C:\\xampp\\htdocs\\nutech\\app\\Controllers\\Home.php', 18)
 2 SYSTEMPATH\CodeIgniter.php(941): App\Controllers\Home->login()
 3 SYSTEMPATH\CodeIgniter.php(502): CodeIgniter\CodeIgniter->runController(Object(App\Controllers\Home))
 4 SYSTEMPATH\CodeIgniter.php(361): CodeIgniter\CodeIgniter->handleRequest(null, Object(Config\Cache), false)
 5 FCPATH\index.php(79): CodeIgniter\CodeIgniter->run()
 6 SYSTEMPATH\Commands\Server\rewrite.php(47): require_once('C:\\xampp\\htdocs\\nutech\\public\\index.php')
CRITICAL - 2024-01-14 05:37:14 --> ErrorException: Undefined variable $email_notelp
in APPPATH\Controllers\Home.php on line 18.
 1 APPPATH\Controllers\Home.php(18): CodeIgniter\Debug\Exceptions->errorHandler(2, 'Undefined variable $email_notelp', 'C:\\xampp\\htdocs\\nutech\\app\\Controllers\\Home.php', 18)
 2 SYSTEMPATH\CodeIgniter.php(941): App\Controllers\Home->login()
 3 SYSTEMPATH\CodeIgniter.php(502): CodeIgniter\CodeIgniter->runController(Object(App\Controllers\Home))
 4 SYSTEMPATH\CodeIgniter.php(361): CodeIgniter\CodeIgniter->handleRequest(null, Object(Config\Cache), false)
 5 FCPATH\index.php(79): CodeIgniter\CodeIgniter->run()
 6 SYSTEMPATH\Commands\Server\rewrite.php(47): require_once('C:\\xampp\\htdocs\\nutech\\public\\index.php')
CRITICAL - 2024-01-14 05:44:28 --> Error: Class "App\Controllers\HomeModel" not found
in APPPATH\Controllers\Home.php on line 14.
 1 SYSTEMPATH\CodeIgniter.php(941): App\Controllers\Home->login()
 2 SYSTEMPATH\CodeIgniter.php(502): CodeIgniter\CodeIgniter->runController(Object(App\Controllers\Home))
 3 SYSTEMPATH\CodeIgniter.php(361): CodeIgniter\CodeIgniter->handleRequest(null, Object(Config\Cache), false)
 4 FCPATH\index.php(79): CodeIgniter\CodeIgniter->run()
 5 SYSTEMPATH\Commands\Server\rewrite.php(47): require_once('C:\\xampp\\htdocs\\nutech\\public\\index.php')
CRITICAL - 2024-01-14 05:51:05 --> ErrorException: Trying to access array offset on value of type null
in APPPATH\Controllers\Home.php on line 17.
 1 APPPATH\Controllers\Home.php(17): CodeIgniter\Debug\Exceptions->errorHandler(2, 'Trying to access array offset on value of type null', 'C:\\xampp\\htdocs\\nutech\\app\\Controllers\\Home.php', 17)
 2 SYSTEMPATH\CodeIgniter.php(941): App\Controllers\Home->login()
 3 SYSTEMPATH\CodeIgniter.php(502): CodeIgniter\CodeIgniter->runController(Object(App\Controllers\Home))
 4 SYSTEMPATH\CodeIgniter.php(361): CodeIgniter\CodeIgniter->handleRequest(null, Object(Config\Cache), false)
 5 FCPATH\index.php(79): CodeIgniter\CodeIgniter->run()
 6 SYSTEMPATH\Commands\Server\rewrite.php(47): require_once('C:\\xampp\\htdocs\\nutech\\public\\index.php')
CRITICAL - 2024-01-14 05:51:44 --> ErrorException: Trying to access array offset on value of type null
in APPPATH\Controllers\Home.php on line 17.
 1 APPPATH\Controllers\Home.php(17): CodeIgniter\Debug\Exceptions->errorHandler(2, 'Trying to access array offset on value of type null', 'C:\\xampp\\htdocs\\nutech\\app\\Controllers\\Home.php', 17)
 2 SYSTEMPATH\CodeIgniter.php(941): App\Controllers\Home->login()
 3 SYSTEMPATH\CodeIgniter.php(502): CodeIgniter\CodeIgniter->runController(Object(App\Controllers\Home))
 4 SYSTEMPATH\CodeIgniter.php(361): CodeIgniter\CodeIgniter->handleRequest(null, Object(Config\Cache), false)
 5 FCPATH\index.php(79): CodeIgniter\CodeIgniter->run()
 6 SYSTEMPATH\Commands\Server\rewrite.php(47): require_once('C:\\xampp\\htdocs\\nutech\\public\\index.php')
CRITICAL - 2024-01-14 05:52:01 --> ErrorException: Trying to access array offset on value of type null
in APPPATH\Controllers\Home.php on line 17.
 1 APPPATH\Controllers\Home.php(17): CodeIgniter\Debug\Exceptions->errorHandler(2, 'Trying to access array offset on value of type null', 'C:\\xampp\\htdocs\\nutech\\app\\Controllers\\Home.php', 17)
 2 SYSTEMPATH\CodeIgniter.php(941): App\Controllers\Home->login()
 3 SYSTEMPATH\CodeIgniter.php(502): CodeIgniter\CodeIgniter->runController(Object(App\Controllers\Home))
 4 SYSTEMPATH\CodeIgniter.php(361): CodeIgniter\CodeIgniter->handleRequest(null, Object(Config\Cache), false)
 5 FCPATH\index.php(79): CodeIgniter\CodeIgniter->run()
 6 SYSTEMPATH\Commands\Server\rewrite.php(47): require_once('C:\\xampp\\htdocs\\nutech\\public\\index.php')
CRITICAL - 2024-01-14 05:53:02 --> ErrorException: Trying to access array offset on value of type null
in APPPATH\Controllers\Home.php on line 18.
 1 APPPATH\Controllers\Home.php(18): CodeIgniter\Debug\Exceptions->errorHandler(2, 'Trying to access array offset on value of type null', 'C:\\xampp\\htdocs\\nutech\\app\\Controllers\\Home.php', 18)
 2 SYSTEMPATH\CodeIgniter.php(941): App\Controllers\Home->login()
 3 SYSTEMPATH\CodeIgniter.php(502): CodeIgniter\CodeIgniter->runController(Object(App\Controllers\Home))
 4 SYSTEMPATH\CodeIgniter.php(361): CodeIgniter\CodeIgniter->handleRequest(null, Object(Config\Cache), false)
 5 FCPATH\index.php(79): CodeIgniter\CodeIgniter->run()
 6 SYSTEMPATH\Commands\Server\rewrite.php(47): require_once('C:\\xampp\\htdocs\\nutech\\public\\index.php')
CRITICAL - 2024-01-14 05:54:58 --> ErrorException: Trying to access array offset on value of type null
in APPPATH\Controllers\Home.php on line 18.
 1 APPPATH\Controllers\Home.php(18): CodeIgniter\Debug\Exceptions->errorHandler(2, 'Trying to access array offset on value of type null', 'C:\\xampp\\htdocs\\nutech\\app\\Controllers\\Home.php', 18)
 2 SYSTEMPATH\CodeIgniter.php(941): App\Controllers\Home->login()
 3 SYSTEMPATH\CodeIgniter.php(502): CodeIgniter\CodeIgniter->runController(Object(App\Controllers\Home))
 4 SYSTEMPATH\CodeIgniter.php(361): CodeIgniter\CodeIgniter->handleRequest(null, Object(Config\Cache), false)
 5 FCPATH\index.php(79): CodeIgniter\CodeIgniter->run()
 6 SYSTEMPATH\Commands\Server\rewrite.php(47): require_once('C:\\xampp\\htdocs\\nutech\\public\\index.php')
CRITICAL - 2024-01-14 05:55:21 --> ErrorException: Trying to access array offset on value of type null
in APPPATH\Controllers\Home.php on line 18.
 1 APPPATH\Controllers\Home.php(18): CodeIgniter\Debug\Exceptions->errorHandler(2, 'Trying to access array offset on value of type null', 'C:\\xampp\\htdocs\\nutech\\app\\Controllers\\Home.php', 18)
 2 SYSTEMPATH\CodeIgniter.php(941): App\Controllers\Home->login()
 3 SYSTEMPATH\CodeIgniter.php(502): CodeIgniter\CodeIgniter->runController(Object(App\Controllers\Home))
 4 SYSTEMPATH\CodeIgniter.php(361): CodeIgniter\CodeIgniter->handleRequest(null, Object(Config\Cache), false)
 5 FCPATH\index.php(79): CodeIgniter\CodeIgniter->run()
 6 SYSTEMPATH\Commands\Server\rewrite.php(47): require_once('C:\\xampp\\htdocs\\nutech\\public\\index.php')
CRITICAL - 2024-01-14 05:55:23 --> ErrorException: Trying to access array offset on value of type null
in APPPATH\Controllers\Home.php on line 18.
 1 APPPATH\Controllers\Home.php(18): CodeIgniter\Debug\Exceptions->errorHandler(2, 'Trying to access array offset on value of type null', 'C:\\xampp\\htdocs\\nutech\\app\\Controllers\\Home.php', 18)
 2 SYSTEMPATH\CodeIgniter.php(941): App\Controllers\Home->login()
 3 SYSTEMPATH\CodeIgniter.php(502): CodeIgniter\CodeIgniter->runController(Object(App\Controllers\Home))
 4 SYSTEMPATH\CodeIgniter.php(361): CodeIgniter\CodeIgniter->handleRequest(null, Object(Config\Cache), false)
 5 FCPATH\index.php(79): CodeIgniter\CodeIgniter->run()
 6 SYSTEMPATH\Commands\Server\rewrite.php(47): require_once('C:\\xampp\\htdocs\\nutech\\public\\index.php')
CRITICAL - 2024-01-14 05:55:37 --> ErrorException: Trying to access array offset on value of type null
in APPPATH\Controllers\Home.php on line 18.
 1 APPPATH\Controllers\Home.php(18): CodeIgniter\Debug\Exceptions->errorHandler(2, 'Trying to access array offset on value of type null', 'C:\\xampp\\htdocs\\nutech\\app\\Controllers\\Home.php', 18)
 2 SYSTEMPATH\CodeIgniter.php(941): App\Controllers\Home->login()
 3 SYSTEMPATH\CodeIgniter.php(502): CodeIgniter\CodeIgniter->runController(Object(App\Controllers\Home))
 4 SYSTEMPATH\CodeIgniter.php(361): CodeIgniter\CodeIgniter->handleRequest(null, Object(Config\Cache), false)
 5 FCPATH\index.php(79): CodeIgniter\CodeIgniter->run()
 6 SYSTEMPATH\Commands\Server\rewrite.php(47): require_once('C:\\xampp\\htdocs\\nutech\\public\\index.php')
CRITICAL - 2024-01-14 06:20:48 --> ErrorException: Undefined variable $Users
in APPPATH\Controllers\Home.php on line 21.
 1 APPPATH\Controllers\Home.php(21): CodeIgniter\Debug\Exceptions->errorHandler(2, 'Undefined variable $Users', 'C:\\xampp\\htdocs\\nutech\\app\\Controllers\\Home.php', 21)
 2 SYSTEMPATH\CodeIgniter.php(941): App\Controllers\Home->login()
 3 SYSTEMPATH\CodeIgniter.php(502): CodeIgniter\CodeIgniter->runController(Object(App\Controllers\Home))
 4 SYSTEMPATH\CodeIgniter.php(361): CodeIgniter\CodeIgniter->handleRequest(null, Object(Config\Cache), false)
 5 FCPATH\index.php(79): CodeIgniter\CodeIgniter->run()
 6 SYSTEMPATH\Commands\Server\rewrite.php(47): require_once('C:\\xampp\\htdocs\\nutech\\public\\index.php')
CRITICAL - 2024-01-14 06:40:53 --> ErrorException: Undefined variable $_SESSION
in APPPATH\Views\home.php on line 79.
 1 APPPATH\Views\home.php(79): CodeIgniter\Debug\Exceptions->errorHandler(2, 'Undefined variable $_SESSION', 'C:\\xampp\\htdocs\\nutech\\app\\Views\\home.php', 79)
 2 SYSTEMPATH\View\View.php(228): include('C:\\xampp\\htdocs\\nutech\\app\\Views\\home.php')
 3 SYSTEMPATH\View\View.php(231): CodeIgniter\View\View->CodeIgniter\View\{closure}()
 4 SYSTEMPATH\Common.php(1178): CodeIgniter\View\View->render('home', [], true)
 5 APPPATH\Controllers\Home.php(13): view('home')
 6 SYSTEMPATH\CodeIgniter.php(941): App\Controllers\Home->home()
 7 SYSTEMPATH\CodeIgniter.php(502): CodeIgniter\CodeIgniter->runController(Object(App\Controllers\Home))
 8 SYSTEMPATH\CodeIgniter.php(361): CodeIgniter\CodeIgniter->handleRequest(null, Object(Config\Cache), false)
 9 FCPATH\index.php(79): CodeIgniter\CodeIgniter->run()
10 SYSTEMPATH\Commands\Server\rewrite.php(47): require_once('C:\\xampp\\htdocs\\nutech\\public\\index.php')
CRITICAL - 2024-01-14 06:41:16 --> ErrorException: Undefined property: CodeIgniter\View\View::$load
in APPPATH\Views\home.php on line 104.
 1 APPPATH\Views\home.php(104): CodeIgniter\Debug\Exceptions->errorHandler(2, 'Undefined property: CodeIgniter\\View\\View::$load', 'C:\\xampp\\htdocs\\nutech\\app\\Views\\home.php', 104)
 2 SYSTEMPATH\View\View.php(228): include('C:\\xampp\\htdocs\\nutech\\app\\Views\\home.php')
 3 SYSTEMPATH\View\View.php(231): CodeIgniter\View\View->CodeIgniter\View\{closure}()
 4 SYSTEMPATH\Common.php(1178): CodeIgniter\View\View->render('home', [], true)
 5 APPPATH\Controllers\Home.php(13): view('home')
 6 SYSTEMPATH\CodeIgniter.php(941): App\Controllers\Home->home()
 7 SYSTEMPATH\CodeIgniter.php(502): CodeIgniter\CodeIgniter->runController(Object(App\Controllers\Home))
 8 SYSTEMPATH\CodeIgniter.php(361): CodeIgniter\CodeIgniter->handleRequest(null, Object(Config\Cache), false)
 9 FCPATH\index.php(79): CodeIgniter\CodeIgniter->run()
10 SYSTEMPATH\Commands\Server\rewrite.php(47): require_once('C:\\xampp\\htdocs\\nutech\\public\\index.php')
CRITICAL - 2024-01-14 06:50:12 --> ErrorException: Undefined variable $vkode
in APPPATH\Views\home.php on line 161.
 1 APPPATH\Views\home.php(161): CodeIgniter\Debug\Exceptions->errorHandler(2, 'Undefined variable $vkode', 'C:\\xampp\\htdocs\\nutech\\app\\Views\\home.php', 161)
 2 SYSTEMPATH\View\View.php(228): include('C:\\xampp\\htdocs\\nutech\\app\\Views\\home.php')
 3 SYSTEMPATH\View\View.php(231): CodeIgniter\View\View->CodeIgniter\View\{closure}()
 4 SYSTEMPATH\Common.php(1178): CodeIgniter\View\View->render('home', [], true)
 5 APPPATH\Controllers\Home.php(13): view('home')
 6 SYSTEMPATH\CodeIgniter.php(941): App\Controllers\Home->home()
 7 SYSTEMPATH\CodeIgniter.php(502): CodeIgniter\CodeIgniter->runController(Object(App\Controllers\Home))
 8 SYSTEMPATH\CodeIgniter.php(361): CodeIgniter\CodeIgniter->handleRequest(null, Object(Config\Cache), false)
 9 FCPATH\index.php(79): CodeIgniter\CodeIgniter->run()
10 SYSTEMPATH\Commands\Server\rewrite.php(47): require_once('C:\\xampp\\htdocs\\nutech\\public\\index.php')
CRITICAL - 2024-01-14 06:52:01 --> ErrorException: Undefined variable $vkode
in APPPATH\Views\home.php on line 161.
 1 APPPATH\Views\home.php(161): CodeIgniter\Debug\Exceptions->errorHandler(2, 'Undefined variable $vkode', 'C:\\xampp\\htdocs\\nutech\\app\\Views\\home.php', 161)
 2 SYSTEMPATH\View\View.php(228): include('C:\\xampp\\htdocs\\nutech\\app\\Views\\home.php')
 3 SYSTEMPATH\View\View.php(231): CodeIgniter\View\View->CodeIgniter\View\{closure}()
 4 SYSTEMPATH\Common.php(1178): CodeIgniter\View\View->render('home', [], true)
 5 APPPATH\Controllers\Home.php(13): view('home')
 6 SYSTEMPATH\CodeIgniter.php(941): App\Controllers\Home->home()
 7 SYSTEMPATH\CodeIgniter.php(502): CodeIgniter\CodeIgniter->runController(Object(App\Controllers\Home))
 8 SYSTEMPATH\CodeIgniter.php(361): CodeIgniter\CodeIgniter->handleRequest(null, Object(Config\Cache), false)
 9 FCPATH\index.php(79): CodeIgniter\CodeIgniter->run()
10 SYSTEMPATH\Commands\Server\rewrite.php(47): require_once('C:\\xampp\\htdocs\\nutech\\public\\index.php')
CRITICAL - 2024-01-14 07:42:09 --> ErrorException: Undefined variable $kon
in APPPATH\Views\TambahProduct.php on line 35.
 1 APPPATH\Views\TambahProduct.php(35): CodeIgniter\Debug\Exceptions->errorHandler(2, 'Undefined variable $kon', 'C:\\xampp\\htdocs\\nutech\\app\\Views\\TambahProduct.php', 35)
 2 SYSTEMPATH\View\View.php(228): include('C:\\xampp\\htdocs\\nutech\\app\\Views\\TambahProduct.php')
 3 SYSTEMPATH\View\View.php(231): CodeIgniter\View\View->CodeIgniter\View\{closure}()
 4 SYSTEMPATH\Common.php(1178): CodeIgniter\View\View->render('TambahProduct', [], true)
 5 APPPATH\Controllers\Home.php(17): view('TambahProduct')
 6 SYSTEMPATH\CodeIgniter.php(941): App\Controllers\Home->tambahproduct()
 7 SYSTEMPATH\CodeIgniter.php(502): CodeIgniter\CodeIgniter->runController(Object(App\Controllers\Home))
 8 SYSTEMPATH\CodeIgniter.php(361): CodeIgniter\CodeIgniter->handleRequest(null, Object(Config\Cache), false)
 9 FCPATH\index.php(79): CodeIgniter\CodeIgniter->run()
10 SYSTEMPATH\Commands\Server\rewrite.php(47): require_once('C:\\xampp\\htdocs\\nutech\\public\\index.php')
CRITICAL - 2024-01-14 07:48:14 --> ErrorException: Undefined variable $vlokasi
in APPPATH\Views\TambahProduct.php on line 77.
 1 APPPATH\Views\TambahProduct.php(77): CodeIgniter\Debug\Exceptions->errorHandler(2, 'Undefined variable $vlokasi', 'C:\\xampp\\htdocs\\nutech\\app\\Views\\TambahProduct.php', 77)
 2 SYSTEMPATH\View\View.php(228): include('C:\\xampp\\htdocs\\nutech\\app\\Views\\TambahProduct.php')
 3 SYSTEMPATH\View\View.php(231): CodeIgniter\View\View->CodeIgniter\View\{closure}()
 4 SYSTEMPATH\Common.php(1178): CodeIgniter\View\View->render('TambahProduct', [], true)
 5 APPPATH\Controllers\Home.php(17): view('TambahProduct')
 6 SYSTEMPATH\CodeIgniter.php(941): App\Controllers\Home->tambahproduct()
 7 SYSTEMPATH\CodeIgniter.php(502): CodeIgniter\CodeIgniter->runController(Object(App\Controllers\Home))
 8 SYSTEMPATH\CodeIgniter.php(361): CodeIgniter\CodeIgniter->handleRequest(null, Object(Config\Cache), false)
 9 FCPATH\index.php(79): CodeIgniter\CodeIgniter->run()
10 SYSTEMPATH\Commands\Server\rewrite.php(47): require_once('C:\\xampp\\htdocs\\nutech\\public\\index.php')
CRITICAL - 2024-01-14 08:30:48 --> ErrorException: Undefined variable $muser
in APPPATH\Controllers\Home.php on line 26.
 1 APPPATH\Controllers\Home.php(26): CodeIgniter\Debug\Exceptions->errorHandler(2, 'Undefined variable $muser', 'C:\\xampp\\htdocs\\nutech\\app\\Controllers\\Home.php', 26)
 2 SYSTEMPATH\CodeIgniter.php(941): App\Controllers\Home->getListProduct()
 3 SYSTEMPATH\CodeIgniter.php(502): CodeIgniter\CodeIgniter->runController(Object(App\Controllers\Home))
 4 SYSTEMPATH\CodeIgniter.php(361): CodeIgniter\CodeIgniter->handleRequest(null, Object(Config\Cache), false)
 5 FCPATH\index.php(79): CodeIgniter\CodeIgniter->run()
 6 SYSTEMPATH\Commands\Server\rewrite.php(47): require_once('C:\\xampp\\htdocs\\nutech\\public\\index.php')
CRITICAL - 2024-01-14 08:31:14 --> ErrorException: Undefined variable $muser
in APPPATH\Controllers\Home.php on line 26.
 1 APPPATH\Controllers\Home.php(26): CodeIgniter\Debug\Exceptions->errorHandler(2, 'Undefined variable $muser', 'C:\\xampp\\htdocs\\nutech\\app\\Controllers\\Home.php', 26)
 2 SYSTEMPATH\CodeIgniter.php(941): App\Controllers\Home->getListProduct()
 3 SYSTEMPATH\CodeIgniter.php(502): CodeIgniter\CodeIgniter->runController(Object(App\Controllers\Home))
 4 SYSTEMPATH\CodeIgniter.php(361): CodeIgniter\CodeIgniter->handleRequest(null, Object(Config\Cache), false)
 5 FCPATH\index.php(79): CodeIgniter\CodeIgniter->run()
 6 SYSTEMPATH\Commands\Server\rewrite.php(47): require_once('C:\\xampp\\htdocs\\nutech\\public\\index.php')
CRITICAL - 2024-01-14 08:34:07 --> ErrorException: Undefined variable $muser
in APPPATH\Controllers\Home.php on line 26.
 1 APPPATH\Controllers\Home.php(26): CodeIgniter\Debug\Exceptions->errorHandler(2, 'Undefined variable $muser', 'C:\\xampp\\htdocs\\nutech\\app\\Controllers\\Home.php', 26)
 2 SYSTEMPATH\CodeIgniter.php(941): App\Controllers\Home->getListProduct()
 3 SYSTEMPATH\CodeIgniter.php(502): CodeIgniter\CodeIgniter->runController(Object(App\Controllers\Home))
 4 SYSTEMPATH\CodeIgniter.php(361): CodeIgniter\CodeIgniter->handleRequest(null, Object(Config\Cache), false)
 5 FCPATH\index.php(79): CodeIgniter\CodeIgniter->run()
 6 SYSTEMPATH\Commands\Server\rewrite.php(47): require_once('C:\\xampp\\htdocs\\nutech\\public\\index.php')
CRITICAL - 2024-01-14 08:36:49 --> ErrorException: Undefined property: App\Controllers\Home::$db
in APPPATH\Controllers\Home.php on line 26.
 1 APPPATH\Controllers\Home.php(26): CodeIgniter\Debug\Exceptions->errorHandler(2, 'Undefined property: App\\Controllers\\Home::$db', 'C:\\xampp\\htdocs\\nutech\\app\\Controllers\\Home.php', 26)
 2 SYSTEMPATH\CodeIgniter.php(941): App\Controllers\Home->getListProduct()
 3 SYSTEMPATH\CodeIgniter.php(502): CodeIgniter\CodeIgniter->runController(Object(App\Controllers\Home))
 4 SYSTEMPATH\CodeIgniter.php(361): CodeIgniter\CodeIgniter->handleRequest(null, Object(Config\Cache), false)
 5 FCPATH\index.php(79): CodeIgniter\CodeIgniter->run()
 6 SYSTEMPATH\Commands\Server\rewrite.php(47): require_once('C:\\xampp\\htdocs\\nutech\\public\\index.php')
CRITICAL - 2024-01-14 08:45:58 --> ErrorException: Undefined variable $db
in APPPATH\Controllers\Home.php on line 27.
 1 APPPATH\Controllers\Home.php(27): CodeIgniter\Debug\Exceptions->errorHandler(2, 'Undefined variable $db', 'C:\\xampp\\htdocs\\nutech\\app\\Controllers\\Home.php', 27)
 2 SYSTEMPATH\CodeIgniter.php(941): App\Controllers\Home->getListProduct()
 3 SYSTEMPATH\CodeIgniter.php(502): CodeIgniter\CodeIgniter->runController(Object(App\Controllers\Home))
 4 SYSTEMPATH\CodeIgniter.php(361): CodeIgniter\CodeIgniter->handleRequest(null, Object(Config\Cache), false)
 5 FCPATH\index.php(79): CodeIgniter\CodeIgniter->run()
 6 SYSTEMPATH\Commands\Server\rewrite.php(47): require_once('C:\\xampp\\htdocs\\nutech\\public\\index.php')
CRITICAL - 2024-01-14 08:53:36 --> ErrorException: Undefined variable $query
in APPPATH\Controllers\Home.php on line 29.
 1 APPPATH\Controllers\Home.php(29): CodeIgniter\Debug\Exceptions->errorHandler(2, 'Undefined variable $query', 'C:\\xampp\\htdocs\\nutech\\app\\Controllers\\Home.php', 29)
 2 SYSTEMPATH\CodeIgniter.php(941): App\Controllers\Home->getListProduct()
 3 SYSTEMPATH\CodeIgniter.php(502): CodeIgniter\CodeIgniter->runController(Object(App\Controllers\Home))
 4 SYSTEMPATH\CodeIgniter.php(361): CodeIgniter\CodeIgniter->handleRequest(null, Object(Config\Cache), false)
 5 FCPATH\index.php(79): CodeIgniter\CodeIgniter->run()
 6 SYSTEMPATH\Commands\Server\rewrite.php(47): require_once('C:\\xampp\\htdocs\\nutech\\public\\index.php')
CRITICAL - 2024-01-14 09:00:34 --> ErrorException: Undefined variable $product
in APPPATH\Controllers\Home.php on line 28.
 1 APPPATH\Controllers\Home.php(28): CodeIgniter\Debug\Exceptions->errorHandler(2, 'Undefined variable $product', 'C:\\xampp\\htdocs\\nutech\\app\\Controllers\\Home.php', 28)
 2 SYSTEMPATH\CodeIgniter.php(941): App\Controllers\Home->getListProduct()
 3 SYSTEMPATH\CodeIgniter.php(502): CodeIgniter\CodeIgniter->runController(Object(App\Controllers\Home))
 4 SYSTEMPATH\CodeIgniter.php(361): CodeIgniter\CodeIgniter->handleRequest(null, Object(Config\Cache), false)
 5 FCPATH\index.php(79): CodeIgniter\CodeIgniter->run()
 6 SYSTEMPATH\Commands\Server\rewrite.php(47): require_once('C:\\xampp\\htdocs\\nutech\\public\\index.php')
CRITICAL - 2024-01-14 09:00:51 --> CodeIgniter\Database\Exceptions\DatabaseException: You must set the database table to be used with your query.
in SYSTEMPATH\Database\BaseConnection.php on line 884.
 1 SYSTEMPATH\Model.php(662): CodeIgniter\Database\BaseConnection->table(null)
 2 SYSTEMPATH\Model.php(235): CodeIgniter\Model->builder()
 3 SYSTEMPATH\BaseModel.php(638): CodeIgniter\Model->doFindAll(0, 0)
 4 APPPATH\Controllers\Home.php(28): CodeIgniter\BaseModel->findAll()
 5 SYSTEMPATH\CodeIgniter.php(941): App\Controllers\Home->getListProduct()
 6 SYSTEMPATH\CodeIgniter.php(502): CodeIgniter\CodeIgniter->runController(Object(App\Controllers\Home))
 7 SYSTEMPATH\CodeIgniter.php(361): CodeIgniter\CodeIgniter->handleRequest(null, Object(Config\Cache), false)
 8 FCPATH\index.php(79): CodeIgniter\CodeIgniter->run()
 9 SYSTEMPATH\Commands\Server\rewrite.php(47): require_once('C:\\xampp\\htdocs\\nutech\\public\\index.php')
CRITICAL - 2024-01-14 09:10:42 --> Error: Call to a member function getResultArray() on string
in APPPATH\Controllers\Home.php on line 28.
 1 SYSTEMPATH\CodeIgniter.php(941): App\Controllers\Home->getListProduct()
 2 SYSTEMPATH\CodeIgniter.php(502): CodeIgniter\CodeIgniter->runController(Object(App\Controllers\Home))
 3 SYSTEMPATH\CodeIgniter.php(361): CodeIgniter\CodeIgniter->handleRequest(null, Object(Config\Cache), false)
 4 FCPATH\index.php(79): CodeIgniter\CodeIgniter->run()
 5 SYSTEMPATH\Commands\Server\rewrite.php(47): require_once('C:\\xampp\\htdocs\\nutech\\public\\index.php')
CRITICAL - 2024-01-14 09:15:12 --> ErrorException: Undefined variable $email
in APPPATH\Controllers\Home.php on line 28.
 1 APPPATH\Controllers\Home.php(28): CodeIgniter\Debug\Exceptions->errorHandler(2, 'Undefined variable $email', 'C:\\xampp\\htdocs\\nutech\\app\\Controllers\\Home.php', 28)
 2 SYSTEMPATH\CodeIgniter.php(941): App\Controllers\Home->getListProduct()
 3 SYSTEMPATH\CodeIgniter.php(502): CodeIgniter\CodeIgniter->runController(Object(App\Controllers\Home))
 4 SYSTEMPATH\CodeIgniter.php(361): CodeIgniter\CodeIgniter->handleRequest(null, Object(Config\Cache), false)
 5 FCPATH\index.php(79): CodeIgniter\CodeIgniter->run()
 6 SYSTEMPATH\Commands\Server\rewrite.php(47): require_once('C:\\xampp\\htdocs\\nutech\\public\\index.php')
CRITICAL - 2024-01-14 09:15:29 --> BadMethodCallException: Call to undefined method App\Models\productModel::get_product
in SYSTEMPATH\Model.php on line 874.
 1 APPPATH\Controllers\Home.php(28): CodeIgniter\Model->__call('get_product', [])
 2 SYSTEMPATH\CodeIgniter.php(941): App\Controllers\Home->getListProduct()
 3 SYSTEMPATH\CodeIgniter.php(502): CodeIgniter\CodeIgniter->runController(Object(App\Controllers\Home))
 4 SYSTEMPATH\CodeIgniter.php(361): CodeIgniter\CodeIgniter->handleRequest(null, Object(Config\Cache), false)
 5 FCPATH\index.php(79): CodeIgniter\CodeIgniter->run()
 6 SYSTEMPATH\Commands\Server\rewrite.php(47): require_once('C:\\xampp\\htdocs\\nutech\\public\\index.php')
CRITICAL - 2024-01-14 09:16:17 --> Error: Call to a member function getResultArray() on array
in APPPATH\Controllers\Home.php on line 29.
 1 SYSTEMPATH\CodeIgniter.php(941): App\Controllers\Home->getListProduct()
 2 SYSTEMPATH\CodeIgniter.php(502): CodeIgniter\CodeIgniter->runController(Object(App\Controllers\Home))
 3 SYSTEMPATH\CodeIgniter.php(361): CodeIgniter\CodeIgniter->handleRequest(null, Object(Config\Cache), false)
 4 FCPATH\index.php(79): CodeIgniter\CodeIgniter->run()
 5 SYSTEMPATH\Commands\Server\rewrite.php(47): require_once('C:\\xampp\\htdocs\\nutech\\public\\index.php')
CRITICAL - 2024-01-14 09:18:34 --> ErrorException: Undefined variable $dataProduct
in APPPATH\Controllers\Home.php on line 32.
 1 APPPATH\Controllers\Home.php(32): CodeIgniter\Debug\Exceptions->errorHandler(2, 'Undefined variable $dataProduct', 'C:\\xampp\\htdocs\\nutech\\app\\Controllers\\Home.php', 32)
 2 SYSTEMPATH\CodeIgniter.php(941): App\Controllers\Home->getListProduct()
 3 SYSTEMPATH\CodeIgniter.php(502): CodeIgniter\CodeIgniter->runController(Object(App\Controllers\Home))
 4 SYSTEMPATH\CodeIgniter.php(361): CodeIgniter\CodeIgniter->handleRequest(null, Object(Config\Cache), false)
 5 FCPATH\index.php(79): CodeIgniter\CodeIgniter->run()
 6 SYSTEMPATH\Commands\Server\rewrite.php(47): require_once('C:\\xampp\\htdocs\\nutech\\public\\index.php')
CRITICAL - 2024-01-14 09:20:29 --> ErrorException: Undefined variable $dataProduct
in APPPATH\Controllers\Home.php on line 32.
 1 APPPATH\Controllers\Home.php(32): CodeIgniter\Debug\Exceptions->errorHandler(2, 'Undefined variable $dataProduct', 'C:\\xampp\\htdocs\\nutech\\app\\Controllers\\Home.php', 32)
 2 SYSTEMPATH\CodeIgniter.php(941): App\Controllers\Home->getListProduct()
 3 SYSTEMPATH\CodeIgniter.php(502): CodeIgniter\CodeIgniter->runController(Object(App\Controllers\Home))
 4 SYSTEMPATH\CodeIgniter.php(361): CodeIgniter\CodeIgniter->handleRequest(null, Object(Config\Cache), false)
 5 FCPATH\index.php(79): CodeIgniter\CodeIgniter->run()
 6 SYSTEMPATH\Commands\Server\rewrite.php(47): require_once('C:\\xampp\\htdocs\\nutech\\public\\index.php')
CRITICAL - 2024-01-14 09:21:00 --> ErrorException: Undefined variable $dataProduct
in APPPATH\Controllers\Home.php on line 32.
 1 APPPATH\Controllers\Home.php(32): CodeIgniter\Debug\Exceptions->errorHandler(2, 'Undefined variable $dataProduct', 'C:\\xampp\\htdocs\\nutech\\app\\Controllers\\Home.php', 32)
 2 SYSTEMPATH\CodeIgniter.php(941): App\Controllers\Home->getListProduct()
 3 SYSTEMPATH\CodeIgniter.php(502): CodeIgniter\CodeIgniter->runController(Object(App\Controllers\Home))
 4 SYSTEMPATH\CodeIgniter.php(361): CodeIgniter\CodeIgniter->handleRequest(null, Object(Config\Cache), false)
 5 FCPATH\index.php(79): CodeIgniter\CodeIgniter->run()
 6 SYSTEMPATH\Commands\Server\rewrite.php(47): require_once('C:\\xampp\\htdocs\\nutech\\public\\index.php')
CRITICAL - 2024-01-14 09:23:01 --> Error: Call to a member function getResult() on array
in APPPATH\Controllers\Home.php on line 29.
 1 SYSTEMPATH\CodeIgniter.php(941): App\Controllers\Home->getListProduct()
 2 SYSTEMPATH\CodeIgniter.php(502): CodeIgniter\CodeIgniter->runController(Object(App\Controllers\Home))
 3 SYSTEMPATH\CodeIgniter.php(361): CodeIgniter\CodeIgniter->handleRequest(null, Object(Config\Cache), false)
 4 FCPATH\index.php(79): CodeIgniter\CodeIgniter->run()
 5 SYSTEMPATH\Commands\Server\rewrite.php(47): require_once('C:\\xampp\\htdocs\\nutech\\public\\index.php')
CRITICAL - 2024-01-14 09:23:32 --> Error: Call to a member function getResultArray() on array
in APPPATH\Controllers\Home.php on line 29.
 1 SYSTEMPATH\CodeIgniter.php(941): App\Controllers\Home->getListProduct()
 2 SYSTEMPATH\CodeIgniter.php(502): CodeIgniter\CodeIgniter->runController(Object(App\Controllers\Home))
 3 SYSTEMPATH\CodeIgniter.php(361): CodeIgniter\CodeIgniter->handleRequest(null, Object(Config\Cache), false)
 4 FCPATH\index.php(79): CodeIgniter\CodeIgniter->run()
 5 SYSTEMPATH\Commands\Server\rewrite.php(47): require_once('C:\\xampp\\htdocs\\nutech\\public\\index.php')
CRITICAL - 2024-01-14 09:25:29 --> Error: Undefined constant "App\Controllers\JSON"
in APPPATH\Controllers\Home.php on line 29.
 1 SYSTEMPATH\CodeIgniter.php(941): App\Controllers\Home->getListProduct()
 2 SYSTEMPATH\CodeIgniter.php(502): CodeIgniter\CodeIgniter->runController(Object(App\Controllers\Home))
 3 SYSTEMPATH\CodeIgniter.php(361): CodeIgniter\CodeIgniter->handleRequest(null, Object(Config\Cache), false)
 4 FCPATH\index.php(79): CodeIgniter\CodeIgniter->run()
 5 SYSTEMPATH\Commands\Server\rewrite.php(47): require_once('C:\\xampp\\htdocs\\nutech\\public\\index.php')
CRITICAL - 2024-01-14 09:31:06 --> TypeError: json_decode(): Argument #1 ($json) must be of type string, array given
in APPPATH\Controllers\Home.php on line 29.
 1 APPPATH\Controllers\Home.php(29): json_decode([...], true)
 2 SYSTEMPATH\CodeIgniter.php(941): App\Controllers\Home->getListProduct()
 3 SYSTEMPATH\CodeIgniter.php(502): CodeIgniter\CodeIgniter->runController(Object(App\Controllers\Home))
 4 SYSTEMPATH\CodeIgniter.php(361): CodeIgniter\CodeIgniter->handleRequest(null, Object(Config\Cache), false)
 5 FCPATH\index.php(79): CodeIgniter\CodeIgniter->run()
 6 SYSTEMPATH\Commands\Server\rewrite.php(47): require_once('C:\\xampp\\htdocs\\nutech\\public\\index.php')
CRITICAL - 2024-01-14 09:32:19 --> TypeError: json_decode(): Argument #1 ($json) must be of type string, array given
in APPPATH\Controllers\Home.php on line 29.
 1 APPPATH\Controllers\Home.php(29): json_decode([...], true)
 2 SYSTEMPATH\CodeIgniter.php(941): App\Controllers\Home->getListProduct()
 3 SYSTEMPATH\CodeIgniter.php(502): CodeIgniter\CodeIgniter->runController(Object(App\Controllers\Home))
 4 SYSTEMPATH\CodeIgniter.php(361): CodeIgniter\CodeIgniter->handleRequest(null, Object(Config\Cache), false)
 5 FCPATH\index.php(79): CodeIgniter\CodeIgniter->run()
 6 SYSTEMPATH\Commands\Server\rewrite.php(47): require_once('C:\\xampp\\htdocs\\nutech\\public\\index.php')
CRITICAL - 2024-01-14 09:32:29 --> TypeError: json_decode(): Argument #1 ($json) must be of type string, array given
in APPPATH\Controllers\Home.php on line 29.
 1 APPPATH\Controllers\Home.php(29): json_decode([...])
 2 SYSTEMPATH\CodeIgniter.php(941): App\Controllers\Home->getListProduct()
 3 SYSTEMPATH\CodeIgniter.php(502): CodeIgniter\CodeIgniter->runController(Object(App\Controllers\Home))
 4 SYSTEMPATH\CodeIgniter.php(361): CodeIgniter\CodeIgniter->handleRequest(null, Object(Config\Cache), false)
 5 FCPATH\index.php(79): CodeIgniter\CodeIgniter->run()
 6 SYSTEMPATH\Commands\Server\rewrite.php(47): require_once('C:\\xampp\\htdocs\\nutech\\public\\index.php')
CRITICAL - 2024-01-14 09:35:46 --> Error: Object of class stdClass could not be converted to string
in APPPATH\Controllers\Home.php on line 43.
 1 SYSTEMPATH\CodeIgniter.php(941): App\Controllers\Home->getListProduct()
 2 SYSTEMPATH\CodeIgniter.php(502): CodeIgniter\CodeIgniter->runController(Object(App\Controllers\Home))
 3 SYSTEMPATH\CodeIgniter.php(361): CodeIgniter\CodeIgniter->handleRequest(null, Object(Config\Cache), false)
 4 FCPATH\index.php(79): CodeIgniter\CodeIgniter->run()
 5 SYSTEMPATH\Commands\Server\rewrite.php(47): require_once('C:\\xampp\\htdocs\\nutech\\public\\index.php')
CRITICAL - 2024-01-14 09:36:13 --> ErrorException: Array to string conversion
in APPPATH\Controllers\Home.php on line 43.
 1 APPPATH\Controllers\Home.php(43): CodeIgniter\Debug\Exceptions->errorHandler(2, 'Array to string conversion', 'C:\\xampp\\htdocs\\nutech\\app\\Controllers\\Home.php', 43)
 2 SYSTEMPATH\CodeIgniter.php(941): App\Controllers\Home->getListProduct()
 3 SYSTEMPATH\CodeIgniter.php(502): CodeIgniter\CodeIgniter->runController(Object(App\Controllers\Home))
 4 SYSTEMPATH\CodeIgniter.php(361): CodeIgniter\CodeIgniter->handleRequest(null, Object(Config\Cache), false)
 5 FCPATH\index.php(79): CodeIgniter\CodeIgniter->run()
 6 SYSTEMPATH\Commands\Server\rewrite.php(47): require_once('C:\\xampp\\htdocs\\nutech\\public\\index.php')
CRITICAL - 2024-01-14 09:40:21 --> Error: Call to a member function result_array() on array
in APPPATH\Controllers\Home.php on line 29.
 1 SYSTEMPATH\CodeIgniter.php(941): App\Controllers\Home->getListProduct()
 2 SYSTEMPATH\CodeIgniter.php(502): CodeIgniter\CodeIgniter->runController(Object(App\Controllers\Home))
 3 SYSTEMPATH\CodeIgniter.php(361): CodeIgniter\CodeIgniter->handleRequest(null, Object(Config\Cache), false)
 4 FCPATH\index.php(79): CodeIgniter\CodeIgniter->run()
 5 SYSTEMPATH\Commands\Server\rewrite.php(47): require_once('C:\\xampp\\htdocs\\nutech\\public\\index.php')
CRITICAL - 2024-01-14 09:43:07 --> ErrorException: Undefined array key "nama_product"
in APPPATH\Controllers\Home.php on line 33.
 1 APPPATH\Controllers\Home.php(33): CodeIgniter\Debug\Exceptions->errorHandler(2, 'Undefined array key "nama_product"', 'C:\\xampp\\htdocs\\nutech\\app\\Controllers\\Home.php', 33)
 2 SYSTEMPATH\CodeIgniter.php(941): App\Controllers\Home->getListProduct()
 3 SYSTEMPATH\CodeIgniter.php(502): CodeIgniter\CodeIgniter->runController(Object(App\Controllers\Home))
 4 SYSTEMPATH\CodeIgniter.php(361): CodeIgniter\CodeIgniter->handleRequest(null, Object(Config\Cache), false)
 5 FCPATH\index.php(79): CodeIgniter\CodeIgniter->run()
 6 SYSTEMPATH\Commands\Server\rewrite.php(47): require_once('C:\\xampp\\htdocs\\nutech\\public\\index.php')
CRITICAL - 2024-01-14 09:46:40 --> Error: Call to a member function result_array() on array
in APPPATH\Controllers\Home.php on line 29.
 1 SYSTEMPATH\CodeIgniter.php(941): App\Controllers\Home->getListProduct()
 2 SYSTEMPATH\CodeIgniter.php(502): CodeIgniter\CodeIgniter->runController(Object(App\Controllers\Home))
 3 SYSTEMPATH\CodeIgniter.php(361): CodeIgniter\CodeIgniter->handleRequest(null, Object(Config\Cache), false)
 4 FCPATH\index.php(79): CodeIgniter\CodeIgniter->run()
 5 SYSTEMPATH\Commands\Server\rewrite.php(47): require_once('C:\\xampp\\htdocs\\nutech\\public\\index.php')
CRITICAL - 2024-01-14 09:47:36 --> Error: Call to a member function result_array() on array
in APPPATH\Controllers\Home.php on line 29.
 1 SYSTEMPATH\CodeIgniter.php(941): App\Controllers\Home->getListProduct()
 2 SYSTEMPATH\CodeIgniter.php(502): CodeIgniter\CodeIgniter->runController(Object(App\Controllers\Home))
 3 SYSTEMPATH\CodeIgniter.php(361): CodeIgniter\CodeIgniter->handleRequest(null, Object(Config\Cache), false)
 4 FCPATH\index.php(79): CodeIgniter\CodeIgniter->run()
 5 SYSTEMPATH\Commands\Server\rewrite.php(47): require_once('C:\\xampp\\htdocs\\nutech\\public\\index.php')
CRITICAL - 2024-01-14 09:53:46 --> Error: Object of class stdClass could not be converted to string
in APPPATH\Controllers\Home.php on line 44.
 1 SYSTEMPATH\CodeIgniter.php(941): App\Controllers\Home->getListProduct()
 2 SYSTEMPATH\CodeIgniter.php(502): CodeIgniter\CodeIgniter->runController(Object(App\Controllers\Home))
 3 SYSTEMPATH\CodeIgniter.php(361): CodeIgniter\CodeIgniter->handleRequest(null, Object(Config\Cache), false)
 4 FCPATH\index.php(79): CodeIgniter\CodeIgniter->run()
 5 SYSTEMPATH\Commands\Server\rewrite.php(47): require_once('C:\\xampp\\htdocs\\nutech\\public\\index.php')
CRITICAL - 2024-01-14 11:49:36 --> ErrorException: Undefined property: App\Controllers\Home::$uri
in APPPATH\Controllers\Home.php on line 54.
 1 APPPATH\Controllers\Home.php(54): CodeIgniter\Debug\Exceptions->errorHandler(2, 'Undefined property: App\\Controllers\\Home::$uri', 'C:\\xampp\\htdocs\\nutech\\app\\Controllers\\Home.php', 54)
 2 SYSTEMPATH\CodeIgniter.php(941): App\Controllers\Home->editbyproduct()
 3 SYSTEMPATH\CodeIgniter.php(502): CodeIgniter\CodeIgniter->runController(Object(App\Controllers\Home))
 4 SYSTEMPATH\CodeIgniter.php(361): CodeIgniter\CodeIgniter->handleRequest(null, Object(Config\Cache), false)
 5 FCPATH\index.php(79): CodeIgniter\CodeIgniter->run()
 6 SYSTEMPATH\Commands\Server\rewrite.php(47): require_once('C:\\xampp\\htdocs\\nutech\\public\\index.php')
CRITICAL - 2024-01-14 11:50:35 --> ErrorException: Undefined property: App\Controllers\Home::$uri
in APPPATH\Controllers\Home.php on line 55.
 1 APPPATH\Controllers\Home.php(55): CodeIgniter\Debug\Exceptions->errorHandler(2, 'Undefined property: App\\Controllers\\Home::$uri', 'C:\\xampp\\htdocs\\nutech\\app\\Controllers\\Home.php', 55)
 2 SYSTEMPATH\CodeIgniter.php(941): App\Controllers\Home->editbyproduct()
 3 SYSTEMPATH\CodeIgniter.php(502): CodeIgniter\CodeIgniter->runController(Object(App\Controllers\Home))
 4 SYSTEMPATH\CodeIgniter.php(361): CodeIgniter\CodeIgniter->handleRequest(null, Object(Config\Cache), false)
 5 FCPATH\index.php(79): CodeIgniter\CodeIgniter->run()
 6 SYSTEMPATH\Commands\Server\rewrite.php(47): require_once('C:\\xampp\\htdocs\\nutech\\public\\index.php')
CRITICAL - 2024-01-14 11:50:54 --> ErrorException: Undefined property: App\Controllers\Home::$uri
in APPPATH\Controllers\Home.php on line 55.
 1 APPPATH\Controllers\Home.php(55): CodeIgniter\Debug\Exceptions->errorHandler(2, 'Undefined property: App\\Controllers\\Home::$uri', 'C:\\xampp\\htdocs\\nutech\\app\\Controllers\\Home.php', 55)
 2 SYSTEMPATH\CodeIgniter.php(941): App\Controllers\Home->editbyproduct()
 3 SYSTEMPATH\CodeIgniter.php(502): CodeIgniter\CodeIgniter->runController(Object(App\Controllers\Home))
 4 SYSTEMPATH\CodeIgniter.php(361): CodeIgniter\CodeIgniter->handleRequest(null, Object(Config\Cache), false)
 5 FCPATH\index.php(79): CodeIgniter\CodeIgniter->run()
 6 SYSTEMPATH\Commands\Server\rewrite.php(47): require_once('C:\\xampp\\htdocs\\nutech\\public\\index.php')
CRITICAL - 2024-01-14 11:51:11 --> ErrorException: Undefined property: App\Controllers\Home::$uri
in APPPATH\Controllers\Home.php on line 55.
 1 APPPATH\Controllers\Home.php(55): CodeIgniter\Debug\Exceptions->errorHandler(2, 'Undefined property: App\\Controllers\\Home::$uri', 'C:\\xampp\\htdocs\\nutech\\app\\Controllers\\Home.php', 55)
 2 SYSTEMPATH\CodeIgniter.php(941): App\Controllers\Home->editbyproduct()
 3 SYSTEMPATH\CodeIgniter.php(502): CodeIgniter\CodeIgniter->runController(Object(App\Controllers\Home))
 4 SYSTEMPATH\CodeIgniter.php(361): CodeIgniter\CodeIgniter->handleRequest(null, Object(Config\Cache), false)
 5 FCPATH\index.php(79): CodeIgniter\CodeIgniter->run()
 6 SYSTEMPATH\Commands\Server\rewrite.php(47): require_once('C:\\xampp\\htdocs\\nutech\\public\\index.php')
CRITICAL - 2024-01-14 11:52:08 --> ErrorException: Undefined variable $request
in APPPATH\Controllers\Home.php on line 55.
 1 APPPATH\Controllers\Home.php(55): CodeIgniter\Debug\Exceptions->errorHandler(2, 'Undefined variable $request', 'C:\\xampp\\htdocs\\nutech\\app\\Controllers\\Home.php', 55)
 2 SYSTEMPATH\CodeIgniter.php(941): App\Controllers\Home->editbyproduct()
 3 SYSTEMPATH\CodeIgniter.php(502): CodeIgniter\CodeIgniter->runController(Object(App\Controllers\Home))
 4 SYSTEMPATH\CodeIgniter.php(361): CodeIgniter\CodeIgniter->handleRequest(null, Object(Config\Cache), false)
 5 FCPATH\index.php(79): CodeIgniter\CodeIgniter->run()
 6 SYSTEMPATH\Commands\Server\rewrite.php(47): require_once('C:\\xampp\\htdocs\\nutech\\public\\index.php')
CRITICAL - 2024-01-14 11:53:43 --> ErrorException: Undefined variable $request
in APPPATH\Controllers\Home.php on line 55.
 1 APPPATH\Controllers\Home.php(55): CodeIgniter\Debug\Exceptions->errorHandler(2, 'Undefined variable $request', 'C:\\xampp\\htdocs\\nutech\\app\\Controllers\\Home.php', 55)
 2 SYSTEMPATH\CodeIgniter.php(941): App\Controllers\Home->editbyproduct()
 3 SYSTEMPATH\CodeIgniter.php(502): CodeIgniter\CodeIgniter->runController(Object(App\Controllers\Home))
 4 SYSTEMPATH\CodeIgniter.php(361): CodeIgniter\CodeIgniter->handleRequest(null, Object(Config\Cache), false)
 5 FCPATH\index.php(79): CodeIgniter\CodeIgniter->run()
 6 SYSTEMPATH\Commands\Server\rewrite.php(47): require_once('C:\\xampp\\htdocs\\nutech\\public\\index.php')
CRITICAL - 2024-01-14 11:54:05 --> ErrorException: Undefined variable $request
in APPPATH\Controllers\Home.php on line 55.
 1 APPPATH\Controllers\Home.php(55): CodeIgniter\Debug\Exceptions->errorHandler(2, 'Undefined variable $request', 'C:\\xampp\\htdocs\\nutech\\app\\Controllers\\Home.php', 55)
 2 SYSTEMPATH\CodeIgniter.php(941): App\Controllers\Home->editbyproduct()
 3 SYSTEMPATH\CodeIgniter.php(502): CodeIgniter\CodeIgniter->runController(Object(App\Controllers\Home))
 4 SYSTEMPATH\CodeIgniter.php(361): CodeIgniter\CodeIgniter->handleRequest(null, Object(Config\Cache), false)
 5 FCPATH\index.php(79): CodeIgniter\CodeIgniter->run()
 6 SYSTEMPATH\Commands\Server\rewrite.php(47): require_once('C:\\xampp\\htdocs\\nutech\\public\\index.php')
CRITICAL - 2024-01-14 11:55:02 --> ErrorException: Undefined variable $request
in APPPATH\Controllers\Home.php on line 55.
 1 APPPATH\Controllers\Home.php(55): CodeIgniter\Debug\Exceptions->errorHandler(2, 'Undefined variable $request', 'C:\\xampp\\htdocs\\nutech\\app\\Controllers\\Home.php', 55)
 2 SYSTEMPATH\CodeIgniter.php(941): App\Controllers\Home->editbyproduct()
 3 SYSTEMPATH\CodeIgniter.php(502): CodeIgniter\CodeIgniter->runController(Object(App\Controllers\Home))
 4 SYSTEMPATH\CodeIgniter.php(361): CodeIgniter\CodeIgniter->handleRequest(null, Object(Config\Cache), false)
 5 FCPATH\index.php(79): CodeIgniter\CodeIgniter->run()
 6 SYSTEMPATH\Commands\Server\rewrite.php(47): require_once('C:\\xampp\\htdocs\\nutech\\public\\index.php')
CRITICAL - 2024-01-14 11:55:24 --> ErrorException: Undefined variable $request
in APPPATH\Controllers\Home.php on line 55.
 1 APPPATH\Controllers\Home.php(55): CodeIgniter\Debug\Exceptions->errorHandler(2, 'Undefined variable $request', 'C:\\xampp\\htdocs\\nutech\\app\\Controllers\\Home.php', 55)
 2 SYSTEMPATH\CodeIgniter.php(941): App\Controllers\Home->editbyproduct()
 3 SYSTEMPATH\CodeIgniter.php(502): CodeIgniter\CodeIgniter->runController(Object(App\Controllers\Home))
 4 SYSTEMPATH\CodeIgniter.php(361): CodeIgniter\CodeIgniter->handleRequest(null, Object(Config\Cache), false)
 5 FCPATH\index.php(79): CodeIgniter\CodeIgniter->run()
 6 SYSTEMPATH\Commands\Server\rewrite.php(47): require_once('C:\\xampp\\htdocs\\nutech\\public\\index.php')
CRITICAL - 2024-01-14 12:09:40 --> ErrorException: Undefined property: App\Controllers\Home::$db
in APPPATH\Controllers\Home.php on line 59.
 1 APPPATH\Controllers\Home.php(59): CodeIgniter\Debug\Exceptions->errorHandler(2, 'Undefined property: App\\Controllers\\Home::$db', 'C:\\xampp\\htdocs\\nutech\\app\\Controllers\\Home.php', 59)
 2 SYSTEMPATH\CodeIgniter.php(941): App\Controllers\Home->editbyproduct()
 3 SYSTEMPATH\CodeIgniter.php(502): CodeIgniter\CodeIgniter->runController(Object(App\Controllers\Home))
 4 SYSTEMPATH\CodeIgniter.php(361): CodeIgniter\CodeIgniter->handleRequest(null, Object(Config\Cache), false)
 5 FCPATH\index.php(79): CodeIgniter\CodeIgniter->run()
 6 SYSTEMPATH\Commands\Server\rewrite.php(47): require_once('C:\\xampp\\htdocs\\nutech\\public\\index.php')
CRITICAL - 2024-01-14 12:10:03 --> ErrorException: Undefined property: App\Controllers\Home::$db
in APPPATH\Controllers\Home.php on line 59.
 1 APPPATH\Controllers\Home.php(59): CodeIgniter\Debug\Exceptions->errorHandler(2, 'Undefined property: App\\Controllers\\Home::$db', 'C:\\xampp\\htdocs\\nutech\\app\\Controllers\\Home.php', 59)
 2 SYSTEMPATH\CodeIgniter.php(941): App\Controllers\Home->editbyproduct()
 3 SYSTEMPATH\CodeIgniter.php(502): CodeIgniter\CodeIgniter->runController(Object(App\Controllers\Home))
 4 SYSTEMPATH\CodeIgniter.php(361): CodeIgniter\CodeIgniter->handleRequest(null, Object(Config\Cache), false)
 5 FCPATH\index.php(79): CodeIgniter\CodeIgniter->run()
 6 SYSTEMPATH\Commands\Server\rewrite.php(47): require_once('C:\\xampp\\htdocs\\nutech\\public\\index.php')
CRITICAL - 2024-01-14 12:36:53 --> ErrorException: Undefined variable $result
in APPPATH\Controllers\Home.php on line 62.
 1 APPPATH\Controllers\Home.php(62): CodeIgniter\Debug\Exceptions->errorHandler(2, 'Undefined variable $result', 'C:\\xampp\\htdocs\\nutech\\app\\Controllers\\Home.php', 62)
 2 SYSTEMPATH\CodeIgniter.php(941): App\Controllers\Home->editbyproduct()
 3 SYSTEMPATH\CodeIgniter.php(502): CodeIgniter\CodeIgniter->runController(Object(App\Controllers\Home))
 4 SYSTEMPATH\CodeIgniter.php(361): CodeIgniter\CodeIgniter->handleRequest(null, Object(Config\Cache), false)
 5 FCPATH\index.php(79): CodeIgniter\CodeIgniter->run()
 6 SYSTEMPATH\Commands\Server\rewrite.php(47): require_once('C:\\xampp\\htdocs\\nutech\\public\\index.php')
